<?xml version="1.0" encoding="UTF-8"?>
<!-- Generated by org.testng.reporters.JUnitXMLReporter -->
<testsuite ignored="0" hostname="STF-306-RI.local" failures="1" tests="1" name="Default test" time="36.256" errors="0" timestamp="2022-09-11T16:39:12 CDT">
  <testcase classname="io.cucumber.testng.AbstractTestNGCucumberTests" name="runScenario" time="36.004">
    <failure type="org.openqa.selenium.NoSuchSessionException" message="Build info: version: &amp;apos;4.4.0&amp;apos;, revision: &amp;apos;e5c75ed026a&amp;apos;
System info: host: &amp;apos;STF-306-RI.local&amp;apos;, ip: &amp;apos;2806:2a0:c12:8fd8:6dff:c485:653b:e301%en0&amp;apos;, os.name: &amp;apos;Mac OS X&amp;apos;, os.arch: &amp;apos;x86_64&amp;apos;, os.version: &amp;apos;11.6.3&amp;apos;, java.version: &amp;apos;18.0.2&amp;apos;
Driver info: org.openqa.selenium.safari.SafariDriver
Command: [BE0903A9-51A7-4F7B-B556-F6B13D720D22, quit {}]
Capabilities {acceptInsecureCerts: false, browserName: Safari, browserVersion: 15.5, platformName: MAC, safari:automaticInspection: false, safari:automaticProfiling: false, safari:diagnose: false, safari:platformBuildVersion: 20G415, safari:platformVersion: 11.6.3, safari:useSimulator: false, setWindowRect: true, strictFileInteractability: false, webkit:WebRTC: {DisableICECandidateFiltering: false, DisableInsecureMediaCapture: false}}
Session ID: BE0903A9-51A7-4F7B-B556-F6B13D720D22">
      <![CDATA[org.openqa.selenium.NoSuchSessionException: Build info: version: '4.4.0', revision: 'e5c75ed026a'
System info: host: 'STF-306-RI.local', ip: '2806:2a0:c12:8fd8:6dff:c485:653b:e301%en0', os.name: 'Mac OS X', os.arch: 'x86_64', os.version: '11.6.3', java.version: '18.0.2'
Driver info: org.openqa.selenium.safari.SafariDriver
Command: [BE0903A9-51A7-4F7B-B556-F6B13D720D22, quit {}]
Capabilities {acceptInsecureCerts: false, browserName: Safari, browserVersion: 15.5, platformName: MAC, safari:automaticInspection: false, safari:automaticProfiling: false, safari:diagnose: false, safari:platformBuildVersion: 20G415, safari:platformVersion: 11.6.3, safari:useSimulator: false, setWindowRect: true, strictFileInteractability: false, webkit:WebRTC: {DisableICECandidateFiltering: false, DisableInsecureMediaCapture: false}}
Session ID: BE0903A9-51A7-4F7B-B556-F6B13D720D22
at java.base/jdk.internal.reflect.DirectConstructorHandleAccessor.newInstance(DirectConstructorHandleAccessor.java:67)
at java.base/java.lang.reflect.Constructor.newInstanceWithCaller(Constructor.java:499)
at java.base/java.lang.reflect.Constructor.newInstance(Constructor.java:483)
at org.openqa.selenium.remote.codec.w3c.W3CHttpResponseCodec.createException(W3CHttpResponseCodec.java:200)
at org.openqa.selenium.remote.codec.w3c.W3CHttpResponseCodec.decode(W3CHttpResponseCodec.java:133)
at org.openqa.selenium.remote.codec.w3c.W3CHttpResponseCodec.decode(W3CHttpResponseCodec.java:53)
at org.openqa.selenium.remote.HttpCommandExecutor.execute(HttpCommandExecutor.java:184)
at org.openqa.selenium.remote.service.DriverCommandExecutor.invokeExecute(DriverCommandExecutor.java:167)
at org.openqa.selenium.remote.service.DriverCommandExecutor.lambda$execute$1(DriverCommandExecutor.java:105)
at java.base/java.util.concurrent.CompletableFuture$AsyncSupply.run(CompletableFuture.java:1768)
at java.base/java.util.concurrent.ThreadPoolExecutor.runWorker(ThreadPoolExecutor.java:1136)
at java.base/java.util.concurrent.ThreadPoolExecutor$Worker.run(ThreadPoolExecutor.java:635)
at java.base/java.lang.Thread.run(Thread.java:833)
at ✽.se muestran los perfiles y seleecciona el admmin(file:///Users/raulisunza/Documents/Automatizacio%CC%81n/EclipseAuto/seleniumIDE/src/test/java/feature/Busqueda.feature:9)
]]>
    </failure>
  </testcase> <!-- runScenario -->
</testsuite> <!-- Default test -->
